<?xml version="1.0" encoding="UTF-8"?>
<!-- Generated by org.testng.reporters.JUnitReportReporter -->
<testsuite hostname="Rishis-MacBook-Pro.local" failures="0" tests="2" name="PracticeTests" time="0.011" errors="0" timestamp="2022-05-09T12:18:18 PDT" skipped="0">
  <testcase classname="PracticeTests" name="googleTitleTest" time="0.008"/>
  <system-out/>
  <testcase classname="PracticeTests" name="searchTest" time="0.003"/>
  <system-out/>
</testsuite> <!-- PracticeTests -->
